[
  {
    "id": "color-contrast",
    "impact": "serious",
    "description": "Ensures the contrast between foreground and background colors meets WCAG 2 AA contrast ratio thresholds",
    "nodes": [
      {
        "any": [
          {
            "id": "color-contrast",
            "data": {
              "fgColor": "#279ace",
              "bgColor": "#ffffff",
              "contrastRatio": 3.18,
              "fontSize": "9.8pt (13.0013px)",
              "fontWeight": "bold",
              "expectedContrastRatio": "4.5:1"
            },
            "relatedNodes": [
              {
                "html": "<div class=\"HeadCont shadow\">\n                    <p><b><a class=\"accountUser\" href=\"/delta/admin/editUser.html?tab=userProfile\">Peter Reid</a></b></p><p><span>Buyer Administrator</span></p>\n                </div>",
                "target": [
                  ".HeadCont"
                ]
              }
            ],
            "impact": "serious",
            "message": "Element has insufficient color contrast of 3.18 (foreground color: #279ace, background color: #ffffff, font size: 9.8pt (13.0013px), font weight: bold). Expected contrast ratio of 4.5:1"
          }
        ],
        "all": [],
        "none": [],
        "impact": "serious",
        "html": "<a class=\"accountUser\" href=\"/delta/admin/editUser.html?tab=userProfile\">Peter Reid</a>",
        "target": [
          ".accountUser"
        ]
      }
    ]
  },
  {
    "id": "duplicate-id",
    "impact": "minor",
    "description": "Ensures every id attribute value is unique",
    "nodes": [
      {
        "any": [
          {
            "id": "duplicate-id",
            "data": "nav_tenders",
            "relatedNodes": [
              {
                "html": "<li id=\"nav_tenders\" class=\"mega\">",
                "target": [
                  ".nav:nth-child(1) > .mega:nth-child(3)"
                ]
              }
            ],
            "impact": "minor",
            "message": "Document has multiple static elements with the same id attribute: nav_tenders"
          }
        ],
        "all": [],
        "none": [],
        "impact": "minor",
        "html": "<li id=\"nav_tenders\" class=\"mega\">",
        "target": [
          ".nav:nth-child(1) > .mega:nth-child(2)"
        ]
      },
      {
        "any": [
          {
            "id": "duplicate-id",
            "data": "tendermanager",
            "relatedNodes": [
              {
                "html": "<div id=\"tendermanager\" class=\"module grid_6 last\">",
                "target": [
                  ".last.module.grid_6:nth-child(2)"
                ]
              }
            ],
            "impact": "minor",
            "message": "Document has multiple static elements with the same id attribute: tendermanager"
          }
        ],
        "all": [],
        "none": [],
        "impact": "minor",
        "html": "<div id=\"tendermanager\" class=\"module grid_6 first\">",
        "target": [
          ".first.module.grid_6:nth-child(1)"
        ]
      }
    ]
  },
  {
    "id": "heading-order",
    "impact": "moderate",
    "description": "Ensures the order of headings is semantically correct",
    "nodes": [
      {
        "any": [
          {
            "id": "heading-order",
            "data": 3,
            "relatedNodes": [],
            "impact": "moderate",
            "message": "Heading order invalid"
          }
        ],
        "all": [],
        "none": [],
        "impact": "moderate",
        "html": "<h3>\n\t\t                Tender Manager\n\t\t            </h3>",
        "target": [
          ".first.module.grid_6:nth-child(1) > h3"
        ]
      }
    ]
  },
  {
    "id": "landmark-one-main",
    "impact": "moderate",
    "description": "Ensures the document has a main landmark",
    "nodes": [
      {
        "any": [],
        "all": [
          {
            "id": "page-has-main",
            "data": null,
            "relatedNodes": [],
            "impact": "moderate",
            "message": "Document does not have a main landmark"
          }
        ],
        "none": [],
        "impact": "moderate",
        "html": "<html lang=\"en\">",
        "target": [
          "html"
        ]
      }
    ]
  },
  {
    "id": "region",
    "impact": "moderate",
    "description": "Ensures all page content is contained by landmarks",
    "nodes": [
      {
        "any": [
          {
            "id": "region",
            "data": null,
            "relatedNodes": [],
            "impact": "moderate",
            "message": "Some page content is not contained by landmarks"
          }
        ],
        "all": [],
        "none": [],
        "impact": "moderate",
        "html": "<h1 id=\"logo\">\n\t\t\t\t<a id=\"header-logo\" href=\"/delta/\" title=\"Delta\">\n\t\t\t\t\tDelta\n\t\t\t\t</a>\n\t\t\t</h1>",
        "target": [
          "#logo"
        ]
      },
      {
        "any": [
          {
            "id": "region",
            "data": null,
            "relatedNodes": [],
            "impact": "moderate",
            "message": "Some page content is not contained by landmarks"
          }
        ],
        "all": [],
        "none": [],
        "impact": "moderate",
        "html": "<a id=\"header-menu-workspaces\" class=\"top-curved hov\" href=\"/delta/admin/projectGroups.html\">Workspaces</a>",
        "target": [
          "#header-menu-workspaces"
        ]
      },
      {
        "any": [
          {
            "id": "region",
            "data": null,
            "relatedNodes": [],
            "impact": "moderate",
            "message": "Some page content is not contained by landmarks"
          }
        ],
        "all": [],
        "none": [],
        "impact": "moderate",
        "html": "<a id=\"header-menu-tenders\" class=\"top-curved hov\" href=\"/delta/buyers/tenders/listTenders.html\">\n\t   \t\t\t\t\t\t\t\tTenders\n\t   \t\t\t\t\t\t\t</a>",
        "target": [
          "#header-menu-tenders"
        ]
      },
      {
        "any": [
          {
            "id": "region",
            "data": null,
            "relatedNodes": [],
            "impact": "moderate",
            "message": "Some page content is not contained by landmarks"
          }
        ],
        "all": [],
        "none": [],
        "impact": "moderate",
        "html": "<a id=\"header-menu-dps\" class=\"top-curved hov\" href=\"/delta/buyers/tenders/listTenders.html?type=DPS\">DPS</a>",
        "target": [
          "#header-menu-dps"
        ]
      },
      {
        "any": [
          {
            "id": "region",
            "data": null,
            "relatedNodes": [],
            "impact": "moderate",
            "message": "Some page content is not contained by landmarks"
          }
        ],
        "all": [],
        "none": [],
        "impact": "moderate",
        "html": "<a id=\"header-menu-suppliers\" class=\"top-curved hov\" href=\"/delta/buyers/select/standardLists.html\">\n\t\t\t\t\t\t\t\t\n\t\t\t\t\t\t\t\t\t\n\t\t\t\t\t\t\t\t\t\tSuppliers\n\t\t\t\t\t\t\t\t\t\n\t\t\t\t\t\t\t\t\t\n\t\t\t\t\t\t\t\t\n\t\t\t\t\t\t\t\t\n\t\t\t\t\t\t\t</a>",
        "target": [
          "#header-menu-suppliers"
        ]
      },
      {
        "any": [
          {
            "id": "region",
            "data": null,
            "relatedNodes": [],
            "impact": "moderate",
            "message": "Some page content is not contained by landmarks"
          }
        ],
        "all": [],
        "none": [],
        "impact": "moderate",
        "html": "<a id=\"header-menu-contracts\" class=\"top-curved hov\" href=\"/delta/buyers/contract-manager/index.html\">\n\t\t\t\t\t\t\t\t\tContracts\n\t\t\t\t\t\t\t\t</a>",
        "target": [
          "#header-menu-contracts"
        ]
      },
      {
        "any": [
          {
            "id": "region",
            "data": null,
            "relatedNodes": [],
            "impact": "moderate",
            "message": "Some page content is not contained by landmarks"
          }
        ],
        "all": [],
        "none": [],
        "impact": "moderate",
        "html": "<a id=\"header-menu-eauctions\" class=\"hov top-curved\" href=\"/delta/eauctions-manager/index.html\">\n\t\t\t\t\t\t\t\teAuctions\n\t\t\t\t\t\t\t</a>",
        "target": [
          "#header-menu-eauctions"
        ]
      },
      {
        "any": [
          {
            "id": "region",
            "data": null,
            "relatedNodes": [],
            "impact": "moderate",
            "message": "Some page content is not contained by landmarks"
          }
        ],
        "all": [],
        "none": [],
        "impact": "moderate",
        "html": "<a id=\"header-menu-help\" class=\"top-curved hov\" href=\"/delta/help/userguides.html\">\n\t\t\t\t\t\t\tHelp\n\t\t\t\t\t\t</a>",
        "target": [
          "#header-menu-help"
        ]
      },
      {
        "any": [
          {
            "id": "region",
            "data": null,
            "relatedNodes": [],
            "impact": "moderate",
            "message": "Some page content is not contained by landmarks"
          }
        ],
        "all": [],
        "none": [],
        "impact": "moderate",
        "html": "<a id=\"header-menu-resources\" class=\"top-curved hov\" href=\"/delta/resources/index.html\">Resources</a>",
        "target": [
          "#header-menu-resources"
        ]
      },
      {
        "any": [
          {
            "id": "region",
            "data": null,
            "relatedNodes": [],
            "impact": "moderate",
            "message": "Some page content is not contained by landmarks"
          }
        ],
        "all": [],
        "none": [],
        "impact": "moderate",
        "html": "<a id=\"header-menu-account\" class=\"top-curved hov\" href=\"/delta/admin/editUser.html?tab=userProfile\">\n\t\t\t\t\t\t\tAccount\n\t\t\t\t\t\t</a>",
        "target": [
          "#header-menu-account"
        ]
      },
      {
        "any": [
          {
            "id": "region",
            "data": null,
            "relatedNodes": [],
            "impact": "moderate",
            "message": "Some page content is not contained by landmarks"
          }
        ],
        "all": [],
        "none": [],
        "impact": "moderate",
        "html": "<li id=\"nav_logout\" class=\"mega\">\n\t\t\t\t\t\t<a id=\"header-logout\" class=\"logout hov top-curved\" href=\"/delta/logoutHosts.html\">\n\t\t\t\t\t\t\tLogout\n\t\t\t\t\t\t</a>\n\t\t\t\t\t</li>",
        "target": [
          "#nav_logout"
        ]
      },
      {
        "any": [
          {
            "id": "region",
            "data": null,
            "relatedNodes": [],
            "impact": "moderate",
            "message": "Some page content is not contained by landmarks"
          }
        ],
        "all": [],
        "none": [],
        "impact": "moderate",
        "html": "<a href=\"javascript:void(window.open('https://chatdelta.bipsolutions.co.uk/chat.php?group=Delta%20Helpdesk&amp;hg=Pw__&amp;hcgs=MQ__&amp;htgs=MQ__&amp;nct=MQ__&amp;hfk=MQ__&amp;epc=IzEyMUQ0Qw__','','width=400,height=600,left=0,top=0,resizable=yes,menubar=no,location=no,status=yes,scrollbars=yes'))\" class=\"lz_cbl\">",
        "target": [
          ".lz_cbl"
        ]
      },
      {
        "any": [
          {
            "id": "region",
            "data": null,
            "relatedNodes": [],
            "impact": "moderate",
            "message": "Some page content is not contained by landmarks"
          }
        ],
        "all": [],
        "none": [],
        "impact": "moderate",
        "html": "<div class=\"accountPos\">\n                <div class=\"HeadCont shadow\">\n                    <p><b><a class=\"accountUser\" href=\"/delta/admin/editUser.html?tab=userProfile\">Peter Reid</a></b></p><p><span>Buyer Administrator</span></p>\n                </div>\n            </div>",
        "target": [
          ".accountPos"
        ]
      },
      {
        "any": [
          {
            "id": "region",
            "data": null,
            "relatedNodes": [],
            "impact": "moderate",
            "message": "Some page content is not contained by landmarks"
          }
        ],
        "all": [],
        "none": [],
        "impact": "moderate",
        "html": "<h2>BIP Solutions</h2>",
        "target": [
          "h2"
        ]
      },
      {
        "any": [
          {
            "id": "region",
            "data": null,
            "relatedNodes": [],
            "impact": "moderate",
            "message": "Some page content is not contained by landmarks"
          }
        ],
        "all": [],
        "none": [],
        "impact": "moderate",
        "html": "<div class=\"breadcrumbs\">",
        "target": [
          ".breadcrumbs"
        ]
      },
      {
        "any": [
          {
            "id": "region",
            "data": null,
            "relatedNodes": [],
            "impact": "moderate",
            "message": "Some page content is not contained by landmarks"
          }
        ],
        "all": [],
        "none": [],
        "impact": "moderate",
        "html": "<div id=\"welcome_outer\" class=\"clearfix\">",
        "target": [
          "#welcome_outer"
        ]
      },
      {
        "any": [
          {
            "id": "region",
            "data": null,
            "relatedNodes": [],
            "impact": "moderate",
            "message": "Some page content is not contained by landmarks"
          }
        ],
        "all": [],
        "none": [],
        "impact": "moderate",
        "html": "<div id=\"modules\" class=\"clearfix\">",
        "target": [
          "#modules"
        ]
      },
      {
        "any": [
          {
            "id": "region",
            "data": null,
            "relatedNodes": [],
            "impact": "moderate",
            "message": "Some page content is not contained by landmarks"
          }
        ],
        "all": [],
        "none": [],
        "impact": "moderate",
        "html": "<div id=\"footer_outer\" class=\"outer\">",
        "target": [
          "#footer_outer"
        ]
      },
      {
        "any": [
          {
            "id": "region",
            "data": null,
            "relatedNodes": [],
            "impact": "moderate",
            "message": "Some page content is not contained by landmarks"
          }
        ],
        "all": [],
        "none": [],
        "impact": "moderate",
        "html": "<a class=\"highslide-loading\" title=\"Click to cancel\" href=\"javascript:;\" style=\"position: absolute; top: -9999px; opacity: 0.75; z-index: 1;\">Loading...</a>",
        "target": [
          ".highslide-loading"
        ]
      }
    ]
  }
]